<?xml version="1.0" encoding="UTF-8"?>
<!-- Generated by org.testng.reporters.JUnitReportReporter -->
<testsuite hostname="NARESH" failures="0" tests="1" name="micro.Bio" time="9.829" errors="0" timestamp="16 Aug 2019 07:11:46 GMT" skipped="0">
  <testcase classname="micro.Bio" name="execute" time="9.829"/>
</testsuite> <!-- micro.Bio -->
